#
# A fatal error has been detected by the Java Runtime Environment:
#
#  EXCEPTION_ACCESS_VIOLATION (0xc0000005) at pc=0x000000006c2212e5, pid=24300, tid=0x0000000000007b10
#
# JRE version: Java(TM) SE Runtime Environment (8.0_171-b11) (build 1.8.0_171-b11)
# Java VM: Java HotSpot(TM) 64-Bit Server VM (25.171-b11 mixed mode windows-amd64 compressed oops)
# Problematic frame:
# V  [jvm.dll+0xb12e5]
#
# Failed to write core dump. Minidumps are not enabled by default on client versions of Windows
#
# If you would like to submit a bug report, please visit:
#   http://bugreport.java.com/bugreport/crash.jsp
#

---------------  T H R E A D  ---------------

Current thread (0x0000000061669800):  JavaThread "C1 CompilerThread14" daemon [_thread_in_vm, id=31504, stack(0x0000000066710000,0x0000000066810000)]

siginfo: ExceptionCode=0xc0000005, reading address 0xffffffff80000000

Registers:
RAX=0x000000007fffff55, RBX=0x0000000000000035, RCX=0x000000006680e770, RDX=0xffffffff000000ab
RSP=0x000000006680e748, RBP=0x000000006680e780, RSI=0x0000000000000270, RDI=0x0000000000000027
R8 =0x000000007fffff55, R9 =0x000000007fffff55, R10=0x0000000000000008, R11=0x000000007fffff55
R12=0x000000007b884330, R13=0x0000000000000025, R14=0x0000000061669800, R15=0x0000000080091e30
RIP=0x000000006c2212e5, EFLAGS=0x0000000000010292

Top of Stack: (sp=0x000000006680e748)
0x000000006680e748:   000000006c2a2be4 00000000000c9e98
0x000000006680e758:   0000000000000260 0000000080091fb0
0x000000006680e768:   000000006680e780 000000007fffff55
0x000000006680e778:   00000000000000aa 000000007b884300
0x000000006680e788:   000000006680e878 000000007b87e2f0
0x000000006680e798:   0000000000000000 000000007b884330
0x000000006680e7a8:   0000000080091e30 0000000061604ff0
0x000000006680e7b8:   000000006c2a1698 0000000080091f80
0x000000006680e7c8:   0000000000000000 0000000080091f80
0x000000006680e7d8:   000000004b000000 0000000061604ff0
0x000000006680e7e8:   000000006680e920 0000000000000068
0x000000006680e7f8:   0000000000000000 0000000000000006
0x000000006680e808:   0000000000000938 00000000000007d0
0x000000006680e818:   000000006c2a252a 00000000000c9e98
0x000000006680e828:   0000000080091e30 000000007b8862d8
0x000000006680e838:   00000000000000b0 00000000000c9e98 

Instructions: (pc=0x000000006c2212e5)
0x000000006c2212c5:   12 0b 00 cc cc cc cc cc cc cc cc 4c 63 01 41 8d
0x000000006c2212d5:   44 90 10 48 63 d0 48 8b 01 48 83 e2 fc 49 2b d0
0x000000006c2212e5:   8b 0c 02 0f b6 c1 89 4c 24 10 0f b6 4c 24 11 c1
0x000000006c2212f5:   e0 08 0b c1 0f b6 4c 24 12 c1 e0 08 0b c1 0f b6 


Register to memory mapping:

RAX=0x000000007fffff55 is pointing into metadata
RBX=0x0000000000000035 is an unknown value
RCX=0x000000006680e770 is pointing into the stack for thread: 0x0000000061669800
RDX=0xffffffff000000ab is an unknown value
RSP=0x000000006680e748 is pointing into the stack for thread: 0x0000000061669800
RBP=0x000000006680e780 is pointing into the stack for thread: 0x0000000061669800
RSI=0x0000000000000270 is an unknown value
RDI=0x0000000000000027 is an unknown value
R8 =0x000000007fffff55 is pointing into metadata
R9 =0x000000007fffff55 is pointing into metadata
R10=0x0000000000000008 is an unknown value
R11=0x000000007fffff55 is pointing into metadata
R12=0x000000007b884330 is an unknown value
R13=0x0000000000000025 is an unknown value
R14=0x0000000061669800 is a thread
R15=0x0000000080091e30 is pointing into metadata


Stack: [0x0000000066710000,0x0000000066810000],  sp=0x000000006680e748,  free space=1017k
Native frames: (J=compiled Java code, j=interpreted, Vv=VM code, C=native code)
V  [jvm.dll+0xb12e5]


Current CompileTask:
C1:  16476 12184       3       shadow.org.objectweb.asm.ClassReader::readCode (5071 bytes)


---------------  P R O C E S S  ---------------

Java Threads: ( => current thread )
  0x0000000066f16000 JavaThread "Build operations Thread 64" [_thread_blocked, id=33732, stack(0x000000007a150000,0x000000007a250000)]
  0x0000000066f13000 JavaThread "Task worker for ':' Thread 63" [_thread_blocked, id=25644, stack(0x000000007a050000,0x000000007a150000)]
  0x0000000066f11800 JavaThread "Task worker for ':' Thread 62" [_thread_blocked, id=25484, stack(0x0000000079f50000,0x000000007a050000)]
  0x0000000066f12800 JavaThread "Task worker for ':' Thread 61" [_thread_blocked, id=33708, stack(0x0000000079e50000,0x0000000079f50000)]
  0x000000007289d000 JavaThread "Task worker for ':' Thread 60" [_thread_blocked, id=14584, stack(0x0000000079d50000,0x0000000079e50000)]
  0x000000007289b000 JavaThread "Task worker for ':' Thread 59" [_thread_blocked, id=35716, stack(0x0000000079c50000,0x0000000079d50000)]
  0x000000007289c800 JavaThread "Task worker for ':' Thread 58" [_thread_blocked, id=11972, stack(0x0000000079b50000,0x0000000079c50000)]
  0x000000007289a000 JavaThread "Task worker for ':' Thread 57" [_thread_blocked, id=29520, stack(0x0000000079a50000,0x0000000079b50000)]
  0x0000000072899800 JavaThread "Task worker for ':' Thread 56" [_thread_blocked, id=34372, stack(0x0000000079950000,0x0000000079a50000)]
  0x00000000728a0000 JavaThread "Task worker for ':' Thread 55" [_thread_blocked, id=10552, stack(0x0000000079850000,0x0000000079950000)]
  0x000000007289b800 JavaThread "Task worker for ':' Thread 54" [_thread_blocked, id=15700, stack(0x0000000079750000,0x0000000079850000)]
  0x000000007289e800 JavaThread "Task worker for ':' Thread 53" [_thread_blocked, id=21948, stack(0x0000000079650000,0x0000000079750000)]
  0x000000007289e000 JavaThread "Task worker for ':' Thread 52" [_thread_blocked, id=32028, stack(0x0000000079550000,0x0000000079650000)]
  0x000000007289f800 JavaThread "Task worker for ':' Thread 51" [_thread_blocked, id=15312, stack(0x0000000079450000,0x0000000079550000)]
  0x0000000071ff1800 JavaThread "Task worker for ':' Thread 50" [_thread_blocked, id=31672, stack(0x0000000079350000,0x0000000079450000)]
  0x0000000071ff0800 JavaThread "Task worker for ':' Thread 49" [_thread_blocked, id=27416, stack(0x0000000079250000,0x0000000079350000)]
  0x0000000071ff0000 JavaThread "Task worker for ':' Thread 48" [_thread_blocked, id=24472, stack(0x0000000079150000,0x0000000079250000)]
  0x0000000071fee800 JavaThread "Task worker for ':' Thread 47" [_thread_blocked, id=23800, stack(0x0000000079050000,0x0000000079150000)]
  0x0000000071fed800 JavaThread "Task worker for ':' Thread 46" [_thread_blocked, id=34048, stack(0x0000000078f50000,0x0000000079050000)]
  0x0000000071fed000 JavaThread "Task worker for ':' Thread 45" [_thread_blocked, id=30280, stack(0x0000000078e50000,0x0000000078f50000)]
  0x0000000071fef000 JavaThread "Task worker for ':' Thread 44" [_thread_blocked, id=24348, stack(0x0000000078d50000,0x0000000078e50000)]
  0x0000000071feb800 JavaThread "Task worker for ':' Thread 43" [_thread_blocked, id=33620, stack(0x0000000078c50000,0x0000000078d50000)]
  0x0000000071ff2000 JavaThread "Task worker for ':' Thread 42" [_thread_blocked, id=34284, stack(0x0000000078b50000,0x0000000078c50000)]
  0x0000000071fec000 JavaThread "Task worker for ':' Thread 41" [_thread_blocked, id=33564, stack(0x0000000078a50000,0x0000000078b50000)]
  0x0000000066f00000 JavaThread "Task worker for ':' Thread 40" [_thread_blocked, id=25536, stack(0x0000000078950000,0x0000000078a50000)]
  0x0000000066f07000 JavaThread "Task worker for ':' Thread 39" [_thread_blocked, id=29580, stack(0x0000000078850000,0x0000000078950000)]
  0x0000000066f02800 JavaThread "Task worker for ':' Thread 38" [_thread_blocked, id=5088, stack(0x0000000078750000,0x0000000078850000)]
  0x0000000066f06000 JavaThread "Task worker for ':' Thread 37" [_thread_blocked, id=35976, stack(0x0000000078650000,0x0000000078750000)]
  0x0000000066f05800 JavaThread "Task worker for ':' Thread 36" [_thread_blocked, id=20988, stack(0x0000000078550000,0x0000000078650000)]
  0x0000000066f04800 JavaThread "Task worker for ':' Thread 35" [_thread_blocked, id=11328, stack(0x0000000078450000,0x0000000078550000)]
  0x0000000066f01800 JavaThread "Task worker for ':' Thread 34" [_thread_blocked, id=28224, stack(0x0000000078350000,0x0000000078450000)]
  0x0000000066f04000 JavaThread "Task worker for ':' Thread 33" [_thread_blocked, id=11336, stack(0x0000000078250000,0x0000000078350000)]
  0x0000000066f03000 JavaThread "Task worker for ':' Thread 32" [_thread_blocked, id=14752, stack(0x0000000078150000,0x0000000078250000)]
  0x0000000066f01000 JavaThread "Task worker for ':' Thread 31" [_thread_blocked, id=37004, stack(0x0000000078050000,0x0000000078150000)]
  0x000000006b127000 JavaThread "Task worker for ':' Thread 30" [_thread_blocked, id=33900, stack(0x0000000077f50000,0x0000000078050000)]
  0x000000006b126000 JavaThread "Task worker for ':' Thread 29" [_thread_blocked, id=16264, stack(0x0000000077e50000,0x0000000077f50000)]
  0x000000006b124000 JavaThread "Task worker for ':' Thread 28" [_thread_blocked, id=24628, stack(0x0000000077d50000,0x0000000077e50000)]
  0x000000006b122800 JavaThread "Task worker for ':' Thread 27" [_thread_blocked, id=6432, stack(0x0000000077c50000,0x0000000077d50000)]
  0x000000006b123000 JavaThread "Task worker for ':' Thread 26" [_thread_blocked, id=22652, stack(0x0000000077b50000,0x0000000077c50000)]
  0x000000006b129000 JavaThread "Task worker for ':' Thread 25" [_thread_blocked, id=35568, stack(0x0000000077a50000,0x0000000077b50000)]
  0x000000006b127800 JavaThread "Task worker for ':' Thread 24" [_thread_blocked, id=31252, stack(0x0000000077950000,0x0000000077a50000)]
  0x000000006b125800 JavaThread "Task worker for ':' Thread 23" [_thread_blocked, id=35292, stack(0x0000000077850000,0x0000000077950000)]
  0x000000006b124800 JavaThread "Task worker for ':' Thread 22" [_thread_blocked, id=34968, stack(0x0000000077750000,0x0000000077850000)]
  0x000000006b128800 JavaThread "Task worker for ':' Thread 21" [_thread_blocked, id=27912, stack(0x0000000077650000,0x0000000077750000)]
  0x000000006b644000 JavaThread "Task worker for ':' Thread 20" [_thread_blocked, id=33372, stack(0x0000000077550000,0x0000000077650000)]
  0x000000006b645000 JavaThread "Task worker for ':' Thread 19" [_thread_blocked, id=2620, stack(0x0000000077450000,0x0000000077550000)]
  0x000000006b646800 JavaThread "Task worker for ':' Thread 18" [_thread_blocked, id=33436, stack(0x0000000077350000,0x0000000077450000)]
  0x000000006b643800 JavaThread "Task worker for ':' Thread 17" [_thread_blocked, id=23236, stack(0x0000000077250000,0x0000000077350000)]
  0x000000006b642800 JavaThread "Task worker for ':' Thread 16" [_thread_blocked, id=12996, stack(0x0000000077150000,0x0000000077250000)]
  0x000000006b647000 JavaThread "Task worker for ':' Thread 15" [_thread_blocked, id=21736, stack(0x0000000077050000,0x0000000077150000)]
  0x000000006b642000 JavaThread "Task worker for ':' Thread 14" [_thread_blocked, id=29556, stack(0x0000000076f50000,0x0000000077050000)]
  0x000000006b648000 JavaThread "Task worker for ':' Thread 13" [_thread_blocked, id=27340, stack(0x0000000076e50000,0x0000000076f50000)]
  0x000000006b648800 JavaThread "Task worker for ':' Thread 12" [_thread_blocked, id=24492, stack(0x0000000076d50000,0x0000000076e50000)]
  0x000000006b645800 JavaThread "Task worker for ':' Thread 11" [_thread_blocked, id=37308, stack(0x0000000076c50000,0x0000000076d50000)]
  0x0000000071953000 JavaThread "Task worker for ':' Thread 10" [_thread_blocked, id=29900, stack(0x0000000076b50000,0x0000000076c50000)]
  0x0000000071950800 JavaThread "Task worker for ':' Thread 9" [_thread_blocked, id=24976, stack(0x0000000076a50000,0x0000000076b50000)]
  0x0000000071952000 JavaThread "Task worker for ':' Thread 8" [_thread_in_native, id=31188, stack(0x0000000076950000,0x0000000076a50000)]
  0x0000000071950000 JavaThread "Task worker for ':' Thread 7" [_thread_blocked, id=2548, stack(0x0000000076850000,0x0000000076950000)]
  0x0000000071951800 JavaThread "Task worker for ':' Thread 6" [_thread_blocked, id=3128, stack(0x0000000076750000,0x0000000076850000)]
  0x000000007194f000 JavaThread "Task worker for ':' Thread 5" [_thread_blocked, id=30144, stack(0x0000000076650000,0x0000000076750000)]
  0x000000007194c000 JavaThread "Task worker for ':' Thread 4" [_thread_blocked, id=30712, stack(0x0000000076550000,0x0000000076650000)]
  0x000000007194e800 JavaThread "Task worker for ':' Thread 3" [_thread_blocked, id=29072, stack(0x0000000076450000,0x0000000076550000)]
  0x000000007194d800 JavaThread "Task worker for ':' Thread 2" [_thread_blocked, id=31196, stack(0x0000000076350000,0x0000000076450000)]
  0x000000007194d000 JavaThread "Task worker for ':'" [_thread_blocked, id=35936, stack(0x0000000076040000,0x0000000076140000)]
  0x0000000066e53000 JavaThread "Cache worker for Build Output Cleanup Cache (C:\Projects\SGCraft\.gradle\buildOutputCleanup)" [_thread_blocked, id=31724, stack(0x0000000076250000,0x0000000076350000)]
  0x0000000066e52000 JavaThread "Cache worker for task history cache (C:\Projects\SGCraft\.gradle\4.6\taskHistory)" [_thread_blocked, id=36804, stack(0x0000000076150000,0x0000000076250000)]
  0x0000000066e50800 JavaThread "Build operations Thread 63" [_thread_blocked, id=34380, stack(0x0000000075f40000,0x0000000076040000)]
  0x0000000066e50000 JavaThread "Build operations Thread 62" [_thread_blocked, id=36620, stack(0x0000000075d40000,0x0000000075e40000)]
  0x0000000066e51800 JavaThread "Build operations Thread 61" [_thread_blocked, id=35124, stack(0x0000000075c40000,0x0000000075d40000)]
  0x0000000066e4f000 JavaThread "Build operations Thread 60" [_thread_blocked, id=36800, stack(0x0000000075b40000,0x0000000075c40000)]
  0x0000000066e47800 JavaThread "Build operations Thread 59" [_thread_blocked, id=10748, stack(0x0000000075a40000,0x0000000075b40000)]
  0x0000000066e4e800 JavaThread "Build operations Thread 58" [_thread_blocked, id=27464, stack(0x0000000075940000,0x0000000075a40000)]
  0x0000000066e4d800 JavaThread "Build operations Thread 57" [_thread_blocked, id=25724, stack(0x0000000075840000,0x0000000075940000)]
  0x0000000066e4d000 JavaThread "Build operations Thread 56" [_thread_blocked, id=24500, stack(0x0000000075740000,0x0000000075840000)]
  0x0000000066e4c000 JavaThread "Build operations Thread 55" [_thread_blocked, id=22156, stack(0x0000000075640000,0x0000000075740000)]
  0x0000000066e45800 JavaThread "Build operations Thread 54" [_thread_blocked, id=37868, stack(0x0000000075540000,0x0000000075640000)]
  0x0000000066e44800 JavaThread "Build operations Thread 53" [_thread_blocked, id=31168, stack(0x0000000075440000,0x0000000075540000)]
  0x0000000066e4b800 JavaThread "Build operations Thread 52" [_thread_blocked, id=36316, stack(0x0000000075340000,0x0000000075440000)]
  0x0000000066e46000 JavaThread "Build operations Thread 51" [_thread_blocked, id=35816, stack(0x0000000075240000,0x0000000075340000)]
  0x0000000066e4a800 JavaThread "Build operations Thread 50" [_thread_blocked, id=33580, stack(0x0000000075140000,0x0000000075240000)]
  0x0000000066e47000 JavaThread "Build operations Thread 49" [_thread_blocked, id=13828, stack(0x0000000075040000,0x0000000075140000)]
  0x0000000066e48800 JavaThread "Build operations Thread 48" [_thread_blocked, id=9576, stack(0x0000000074f40000,0x0000000075040000)]
  0x0000000066e43800 JavaThread "Build operations Thread 47" [_thread_blocked, id=32804, stack(0x0000000074e40000,0x0000000074f40000)]
  0x0000000066e4a000 JavaThread "Build operations Thread 46" [_thread_blocked, id=36584, stack(0x0000000074d40000,0x0000000074e40000)]
  0x0000000066e49000 JavaThread "Build operations Thread 45" [_thread_blocked, id=5124, stack(0x0000000074c40000,0x0000000074d40000)]
  0x000000006ee40000 JavaThread "Build operations Thread 44" [_thread_blocked, id=23876, stack(0x0000000074b40000,0x0000000074c40000)]
  0x000000006ee3f000 JavaThread "Build operations Thread 43" [_thread_blocked, id=36088, stack(0x0000000074a40000,0x0000000074b40000)]
  0x000000006ee3e800 JavaThread "Build operations Thread 42" [_thread_blocked, id=15564, stack(0x0000000074940000,0x0000000074a40000)]
  0x000000006ee3c000 JavaThread "Build operations Thread 41" [_thread_blocked, id=6560, stack(0x0000000074840000,0x0000000074940000)]
  0x000000006ee3d800 JavaThread "Build operations Thread 40" [_thread_blocked, id=36852, stack(0x0000000074740000,0x0000000074840000)]
  0x000000006ee43000 JavaThread "Build operations Thread 39" [_thread_blocked, id=28068, stack(0x0000000074640000,0x0000000074740000)]
  0x000000006ee3b800 JavaThread "Build operations Thread 38" [_thread_blocked, id=29980, stack(0x0000000074540000,0x0000000074640000)]
  0x000000006ee41800 JavaThread "Build operations Thread 37" [_thread_blocked, id=37448, stack(0x0000000074440000,0x0000000074540000)]
  0x000000006ee40800 JavaThread "Build operations Thread 36" [_thread_blocked, id=34720, stack(0x0000000074340000,0x0000000074440000)]
  0x000000006ee42000 JavaThread "Build operations Thread 35" [_thread_blocked, id=11632, stack(0x0000000074240000,0x0000000074340000)]
  0x000000006ee3d000 JavaThread "Build operations Thread 34" [_thread_blocked, id=34920, stack(0x0000000074140000,0x0000000074240000)]
  0x000000006ee34000 JavaThread "Build operations Thread 33" [_thread_blocked, id=23568, stack(0x0000000074040000,0x0000000074140000)]
  0x000000006ee39000 JavaThread "Build operations Thread 32" [_thread_blocked, id=25492, stack(0x0000000073f40000,0x0000000074040000)]
  0x000000006ee35800 JavaThread "Build operations Thread 31" [_thread_blocked, id=26640, stack(0x0000000073e40000,0x0000000073f40000)]
  0x000000006ee34800 JavaThread "Build operations Thread 30" [_thread_blocked, id=37740, stack(0x0000000073d40000,0x0000000073e40000)]
  0x000000006ee3a000 JavaThread "Build operations Thread 29" [_thread_blocked, id=33692, stack(0x0000000073c40000,0x0000000073d40000)]
  0x000000006ee3a800 JavaThread "Build operations Thread 28" [_thread_blocked, id=34248, stack(0x0000000073b40000,0x0000000073c40000)]
  0x000000006ee38800 JavaThread "Build operations Thread 27" [_thread_blocked, id=28164, stack(0x0000000073a40000,0x0000000073b40000)]
  0x000000006ee37800 JavaThread "Build operations Thread 26" [_thread_blocked, id=10296, stack(0x0000000073940000,0x0000000073a40000)]
  0x000000006ee36000 JavaThread "Build operations Thread 25" [_thread_blocked, id=29016, stack(0x0000000073840000,0x0000000073940000)]
  0x000000006ee37000 JavaThread "Build operations Thread 24" [_thread_blocked, id=25448, stack(0x0000000073740000,0x0000000073840000)]
  0x000000006a640000 JavaThread "Build operations Thread 23" [_thread_blocked, id=27048, stack(0x0000000073510000,0x0000000073610000)]
  0x000000006a63e800 JavaThread "Cache worker for file content cache (C:\Projects\SGCraft\.gradle\4.6\fileContent)" [_thread_blocked, id=37160, stack(0x0000000073640000,0x0000000073740000)]
  0x000000006a63c000 JavaThread "Memory manager" [_thread_blocked, id=34276, stack(0x0000000070e70000,0x0000000070f70000)]
  0x000000006a640800 JavaThread "Keep-Alive-Timer" daemon [_thread_blocked, id=34688, stack(0x000000006f750000,0x000000006f850000)]
  0x000000006a639000 JavaThread "Build operations Thread 22" [_thread_blocked, id=24416, stack(0x000000006e680000,0x000000006e780000)]
  0x000000006a63d800 JavaThread "Build operations Thread 21" [_thread_blocked, id=36504, stack(0x000000006e580000,0x000000006e680000)]
  0x000000006a634800 JavaThread "Build operations Thread 20" [_thread_blocked, id=2860, stack(0x000000006e480000,0x000000006e580000)]
  0x000000006a638800 JavaThread "Build operations Thread 19" [_thread_blocked, id=37748, stack(0x000000006e380000,0x000000006e480000)]
  0x000000006a63b800 JavaThread "Build operations Thread 18" [_thread_blocked, id=36388, stack(0x000000006e280000,0x000000006e380000)]
  0x000000006a63a000 JavaThread "Build operations Thread 17" [_thread_blocked, id=25024, stack(0x000000006e180000,0x000000006e280000)]
  0x000000006a637000 JavaThread "Build operations Thread 16" [_thread_blocked, id=30036, stack(0x000000006e080000,0x000000006e180000)]
  0x000000006a633000 JavaThread "Build operations Thread 15" [_thread_blocked, id=25776, stack(0x000000006df80000,0x000000006e080000)]
  0x000000006a636000 JavaThread "Build operations Thread 14" [_thread_blocked, id=34052, stack(0x000000006de80000,0x000000006df80000)]
  0x000000006a632800 JavaThread "Build operations Thread 13" [_thread_blocked, id=35616, stack(0x000000006dd80000,0x000000006de80000)]
  0x000000006a631800 JavaThread "Build operations Thread 12" [_thread_blocked, id=23064, stack(0x000000006dc80000,0x000000006dd80000)]
  0x000000006a637800 JavaThread "Build operations Thread 11" [_thread_blocked, id=37284, stack(0x000000006db80000,0x000000006dc80000)]
  0x000000006a635800 JavaThread "Build operations Thread 10" [_thread_blocked, id=21016, stack(0x000000006da80000,0x000000006db80000)]
  0x000000006a634000 JavaThread "Build operations Thread 9" [_thread_blocked, id=28836, stack(0x000000006d980000,0x000000006da80000)]
  0x0000000061676800 JavaThread "Build operations Thread 8" [_thread_blocked, id=23636, stack(0x000000006d880000,0x000000006d980000)]
  0x0000000061675000 JavaThread "Build operations Thread 7" [_thread_blocked, id=27948, stack(0x000000006d780000,0x000000006d880000)]
  0x0000000061679000 JavaThread "Build operations Thread 6" [_thread_blocked, id=29348, stack(0x000000006d680000,0x000000006d780000)]
  0x0000000061678000 JavaThread "Build operations Thread 5" [_thread_blocked, id=20656, stack(0x000000006d580000,0x000000006d680000)]
  0x0000000061673800 JavaThread "Build operations Thread 4" [_thread_blocked, id=26856, stack(0x000000006d480000,0x000000006d580000)]
  0x0000000061672800 JavaThread "Build operations Thread 3" [_thread_blocked, id=37328, stack(0x000000006d2f0000,0x000000006d3f0000)]
  0x0000000061674800 JavaThread "Build operations Thread 2" [_thread_blocked, id=36072, stack(0x000000006d1f0000,0x000000006d2f0000)]
  0x0000000061672000 JavaThread "Build operations" [_thread_blocked, id=4180, stack(0x000000006d0f0000,0x000000006d1f0000)]
  0x0000000061676000 JavaThread "Cache worker for Artifact transforms cache (C:\Users\mike\.gradle\caches\transforms-1)" [_thread_blocked, id=19884, stack(0x000000006bf90000,0x000000006c090000)]
  0x000000006166f800 JavaThread "Cache worker for file hash cache (C:\Projects\SGCraft\.gradle\4.6\fileHashes)" [_thread_blocked, id=29452, stack(0x00000000693b0000,0x00000000694b0000)]
  0x0000000061671000 JavaThread "File lock request listener" [_thread_in_native, id=34316, stack(0x00000000692b0000,0x00000000693b0000)]
  0x000000006166f000 JavaThread "Cache worker for file hash cache (C:\Users\mike\.gradle\caches\4.6\fileHashes)" [_thread_blocked, id=36092, stack(0x00000000691b0000,0x00000000692b0000)]
  0x000000006166e000 JavaThread "pool-1-thread-1" [_thread_blocked, id=11864, stack(0x0000000067ce0000,0x0000000067de0000)]
  0x00000000616bd800 JavaThread "Service Thread" daemon [_thread_blocked, id=35664, stack(0x0000000066b10000,0x0000000066c10000)]
  0x000000006166c000 JavaThread "C1 CompilerThread17" daemon [_thread_blocked, id=17560, stack(0x0000000066a10000,0x0000000066b10000)]
  0x000000006166c800 JavaThread "C1 CompilerThread16" daemon [_thread_blocked, id=26896, stack(0x0000000066910000,0x0000000066a10000)]
  0x000000006166d800 JavaThread "C1 CompilerThread15" daemon [_thread_blocked, id=25512, stack(0x0000000066810000,0x0000000066910000)]
=>0x0000000061669800 JavaThread "C1 CompilerThread14" daemon [_thread_in_vm, id=31504, stack(0x0000000066710000,0x0000000066810000)]
  0x000000005f496800 JavaThread "C1 CompilerThread13" daemon [_thread_blocked, id=37052, stack(0x0000000066610000,0x0000000066710000)]
  0x000000005f49c800 JavaThread "C1 CompilerThread12" daemon [_thread_blocked, id=34704, stack(0x0000000066510000,0x0000000066610000)]
  0x000000005f49b000 JavaThread "C2 CompilerThread11" daemon [_thread_in_native, id=25496, stack(0x0000000066410000,0x0000000066510000)]
  0x000000005f49d000 JavaThread "C2 CompilerThread10" daemon [_thread_in_native, id=35016, stack(0x0000000066310000,0x0000000066410000)]
  0x000000005f49b800 JavaThread "C2 CompilerThread9" daemon [_thread_blocked, id=35780, stack(0x0000000066210000,0x0000000066310000)]
  0x000000005f49a000 JavaThread "C2 CompilerThread8" daemon [_thread_in_vm, id=35788, stack(0x0000000066110000,0x0000000066210000)]
  0x000000005f499800 JavaThread "C2 CompilerThread7" daemon [_thread_in_native, id=18832, stack(0x0000000066010000,0x0000000066110000)]
  0x000000005f498800 JavaThread "C2 CompilerThread6" daemon [_thread_in_native, id=29128, stack(0x0000000065f10000,0x0000000066010000)]
  0x000000005f497000 JavaThread "C2 CompilerThread5" daemon [_thread_in_native, id=35272, stack(0x0000000065e10000,0x0000000065f10000)]
  0x000000005f498000 JavaThread "C2 CompilerThread4" daemon [_thread_blocked, id=29716, stack(0x0000000065d10000,0x0000000065e10000)]
  0x000000005f48f000 JavaThread "C2 CompilerThread3" daemon [_thread_in_native, id=36740, stack(0x0000000065c10000,0x0000000065d10000)]
  0x000000005b96e000 JavaThread "C2 CompilerThread2" daemon [_thread_in_native, id=31100, stack(0x0000000065b10000,0x0000000065c10000)]
  0x000000005b96b800 JavaThread "C2 CompilerThread1" daemon [_thread_blocked, id=29940, stack(0x0000000065a10000,0x0000000065b10000)]
  0x000000005b969000 JavaThread "C2 CompilerThread0" daemon [_thread_in_native, id=22804, stack(0x0000000065910000,0x0000000065a10000)]
  0x000000005b968000 JavaThread "Attach Listener" daemon [_thread_blocked, id=26000, stack(0x0000000065810000,0x0000000065910000)]
  0x000000005f48e800 JavaThread "Signal Dispatcher" daemon [_thread_blocked, id=35612, stack(0x0000000065710000,0x0000000065810000)]
  0x00000000615b7800 JavaThread "Finalizer" daemon [_thread_blocked, id=19340, stack(0x0000000065410000,0x0000000065510000)]
  0x0000000061596800 JavaThread "Reference Handler" daemon [_thread_blocked, id=25116, stack(0x0000000065310000,0x0000000065410000)]
  0x0000000000f4e800 JavaThread "main" [_thread_blocked, id=30564, stack(0x00000000028d0000,0x00000000029d0000)]

Other Threads:
  0x0000000061590800 VMThread [stack: 0x0000000065210000,0x0000000065310000] [id=34604]
  0x00000000616be800 WatcherThread [stack: 0x0000000066c10000,0x0000000066d10000] [id=35256]

VM state:not at safepoint (normal execution)

VM Mutex/Monitor currently owned by a thread:  ([mutex/lock_event])
[0x0000000002d613d0] Compile_lock - owner thread: 0x0000000000000000
[0x0000000002d601d0] MethodData_lock - owner thread: 0x0000000061669800

Heap:
 PSYoungGen      total 1058304K, used 655665K [0x0000000580100000, 0x00000005dad80000, 0x0000000800000000)
  eden space 971264K, 58% used [0x0000000580100000,0x00000005a2c523b8,0x00000005bb580000)
  from space 87040K, 99% used [0x00000005c0a80000,0x00000005c5f7a140,0x00000005c5f80000)
  to   space 87040K, 0% used [0x00000005bb580000,0x00000005bb580000,0x00000005c0a80000)
 ParOldGen       total 1368064K, used 36288K [0x0000000080200000, 0x00000000d3a00000, 0x0000000580100000)
  object space 1368064K, 2% used [0x0000000080200000,0x00000000825700c8,0x00000000d3a00000)
 Metaspace       used 56620K, capacity 57736K, committed 57856K, reserved 1099776K
  class space    used 7527K, capacity 7866K, committed 7936K, reserved 1048576K

Card table byte_map: [0x0000000012220000,0x0000000015e20000] byte_map_base: 0x0000000011e1f000

Marking Bits: (ParMarkBitMap*) 0x000000006c9908c0
 Begin Bits: [0x000000001b120000, 0x0000000039118000)
 End Bits:   [0x0000000039118000, 0x0000000057110000)

Polling page: 0x0000000000e70000

CodeCache: size=245760Kb used=39899Kb max_used=41395Kb free=205860Kb
 bounds [0x0000000002e60000, 0x0000000005710000, 0x0000000011e60000]
 total_blobs=10424 nmethods=9641 adapters=689
 compilation: enabled

Compilation events (10 events):
Event: 16.450 Thread 0x000000005f49c800 12180       3       shadow.org.objectweb.asm.commons.MethodRemapper::visitFieldInsn (34 bytes)
Event: 16.450 Thread 0x000000005f496800 12181       3       shadow.org.objectweb.asm.MethodVisitor::visitFieldInsn (20 bytes)
Event: 16.450 Thread 0x000000006166c000 12182       3       shadow.org.objectweb.asm.MethodWriter::visitFieldInsn (258 bytes)
Event: 16.450 Thread 0x000000006166d800 12183       3       shadow.org.objectweb.asm.SymbolTable::addConstantFieldref (10 bytes)
Event: 16.450 Thread 0x0000000061669800 12184       3       shadow.org.objectweb.asm.ClassReader::readCode (5071 bytes)
Event: 16.450 Thread 0x000000006166d800 nmethod 12183 0x00000000048dca90 code [0x00000000048dcc00, 0x00000000048dcda8]
Event: 16.450 Thread 0x000000005f496800 nmethod 12181 0x00000000048dc5d0 code [0x00000000048dc740, 0x00000000048dc9a8]
Event: 16.451 Thread 0x000000005f49c800 nmethod 12180 0x0000000003d7a1d0 code [0x0000000003d7a3a0, 0x0000000003d7ab68]
Event: 16.451 Thread 0x000000006166c000 nmethod 12182 0x0000000003d79090 code [0x0000000003d79280, 0x0000000003d79d78]
Event: 16.451 Thread 0x000000005f498800 12185       4       org.codehaus.groovy.runtime.metaclass.MethodMetaProperty$GetBeanMethodMetaProperty::getProperty (12 bytes)

GC Heap History (10 events):
Event: 2.496 GC heap before
{Heap before GC invocations=2 (full 1):
 PSYoungGen      total 611840K, used 19787K [0x0000000580100000, 0x00000005cac00000, 0x0000000800000000)
  eden space 524800K, 0% used [0x0000000580100000,0x0000000580100000,0x00000005a0180000)
  from space 87040K, 22% used [0x00000005a0180000,0x00000005a14d2c90,0x00000005a5680000)
  to   space 87040K, 0% used [0x00000005c5700000,0x00000005c5700000,0x00000005cac00000)
 ParOldGen       total 1398272K, used 16K [0x0000000080200000, 0x00000000d5780000, 0x0000000580100000)
  object space 1398272K, 0% used [0x0000000080200000,0x0000000080204000,0x00000000d5780000)
 Metaspace       used 20824K, capacity 21086K, committed 21296K, reserved 1067008K
  class space    used 2984K, capacity 3107K, committed 3200K, reserved 1048576K
Event: 2.540 GC heap after
Heap after GC invocations=2 (full 1):
 PSYoungGen      total 611840K, used 0K [0x0000000580100000, 0x00000005cac00000, 0x0000000800000000)
  eden space 524800K, 0% used [0x0000000580100000,0x0000000580100000,0x00000005a0180000)
  from space 87040K, 0% used [0x00000005a0180000,0x00000005a0180000,0x00000005a5680000)
  to   space 87040K, 0% used [0x00000005c5700000,0x00000005c5700000,0x00000005cac00000)
 ParOldGen       total 842240K, used 18521K [0x0000000080200000, 0x00000000b3880000, 0x0000000580100000)
  object space 842240K, 2% used [0x0000000080200000,0x0000000081416630,0x00000000b3880000)
 Metaspace       used 20824K, capacity 21086K, committed 21296K, reserved 1067008K
  class space    used 2984K, capacity 3107K, committed 3200K, reserved 1048576K
}
Event: 4.373 GC heap before
{Heap before GC invocations=3 (full 1):
 PSYoungGen      total 611840K, used 240553K [0x0000000580100000, 0x00000005cac00000, 0x0000000800000000)
  eden space 524800K, 45% used [0x0000000580100000,0x000000058ebea5e8,0x00000005a0180000)
  from space 87040K, 0% used [0x00000005a0180000,0x00000005a0180000,0x00000005a5680000)
  to   space 87040K, 0% used [0x00000005c5700000,0x00000005c5700000,0x00000005cac00000)
 ParOldGen       total 842240K, used 18521K [0x0000000080200000, 0x00000000b3880000, 0x0000000580100000)
  object space 842240K, 2% used [0x0000000080200000,0x0000000081416630,0x00000000b3880000)
 Metaspace       used 34847K, capacity 35306K, committed 35496K, reserved 1079296K
  class space    used 4882K, capacity 5061K, committed 5120K, reserved 1048576K
Event: 4.387 GC heap after
Heap after GC invocations=3 (full 1):
 PSYoungGen      total 740864K, used 17849K [0x0000000580100000, 0x00000005c6880000, 0x0000000800000000)
  eden space 722944K, 0% used [0x0000000580100000,0x0000000580100000,0x00000005ac300000)
  from space 17920K, 99% used [0x00000005c5700000,0x00000005c686e590,0x00000005c6880000)
  to   space 87040K, 0% used [0x00000005bbe80000,0x00000005bbe80000,0x00000005c1380000)
 ParOldGen       total 842240K, used 18537K [0x0000000080200000, 0x00000000b3880000, 0x0000000580100000)
  object space 842240K, 2% used [0x0000000080200000,0x000000008141a630,0x00000000b3880000)
 Metaspace       used 34847K, capacity 35306K, committed 35496K, reserved 1079296K
  class space    used 4882K, capacity 5061K, committed 5120K, reserved 1048576K
}
Event: 4.387 GC heap before
{Heap before GC invocations=4 (full 2):
 PSYoungGen      total 740864K, used 17849K [0x0000000580100000, 0x00000005c6880000, 0x0000000800000000)
  eden space 722944K, 0% used [0x0000000580100000,0x0000000580100000,0x00000005ac300000)
  from space 17920K, 99% used [0x00000005c5700000,0x00000005c686e590,0x00000005c6880000)
  to   space 87040K, 0% used [0x00000005bbe80000,0x00000005bbe80000,0x00000005c1380000)
 ParOldGen       total 842240K, used 18537K [0x0000000080200000, 0x00000000b3880000, 0x0000000580100000)
  object space 842240K, 2% used [0x0000000080200000,0x000000008141a630,0x00000000b3880000)
 Metaspace       used 34847K, capacity 35306K, committed 35496K, reserved 1079296K
  class space    used 4882K, capacity 5061K, committed 5120K, reserved 1048576K
Event: 4.424 GC heap after
Heap after GC invocations=4 (full 2):
 PSYoungGen      total 740864K, used 0K [0x0000000580100000, 0x00000005c6880000, 0x0000000800000000)
  eden space 722944K, 0% used [0x0000000580100000,0x0000000580100000,0x00000005ac300000)
  from space 17920K, 0% used [0x00000005c5700000,0x00000005c5700000,0x00000005c6880000)
  to   space 87040K, 0% used [0x00000005bbe80000,0x00000005bbe80000,0x00000005c1380000)
 ParOldGen       total 1368064K, used 23675K [0x0000000080200000, 0x00000000d3a00000, 0x0000000580100000)
  object space 1368064K, 1% used [0x0000000080200000,0x000000008191ef78,0x00000000d3a00000)
 Metaspace       used 34847K, capacity 35306K, committed 35496K, reserved 1079296K
  class space    used 4882K, capacity 5061K, committed 5120K, reserved 1048576K
}
Event: 8.174 GC heap before
{Heap before GC invocations=5 (full 2):
 PSYoungGen      total 740864K, used 722944K [0x0000000580100000, 0x00000005c6880000, 0x0000000800000000)
  eden space 722944K, 100% used [0x0000000580100000,0x00000005ac300000,0x00000005ac300000)
  from space 17920K, 0% used [0x00000005c5700000,0x00000005c5700000,0x00000005c6880000)
  to   space 87040K, 0% used [0x00000005bbe80000,0x00000005bbe80000,0x00000005c1380000)
 ParOldGen       total 1368064K, used 23675K [0x0000000080200000, 0x00000000d3a00000, 0x0000000580100000)
  object space 1368064K, 1% used [0x0000000080200000,0x000000008191ef78,0x00000000d3a00000)
 Metaspace       used 49305K, capacity 50244K, committed 50560K, reserved 1093632K
  class space    used 6907K, capacity 7194K, committed 7296K, reserved 1048576K
Event: 8.203 GC heap after
Heap after GC invocations=5 (full 2):
 PSYoungGen      total 1009152K, used 37600K [0x0000000580100000, 0x00000005c5f80000, 0x0000000800000000)
  eden space 971264K, 0% used [0x0000000580100000,0x0000000580100000,0x00000005bb580000)
  from space 37888K, 99% used [0x00000005bbe80000,0x00000005be338260,0x00000005be380000)
  to   space 87040K, 0% used [0x00000005c0a80000,0x00000005c0a80000,0x00000005c5f80000)
 ParOldGen       total 1368064K, used 23683K [0x0000000080200000, 0x00000000d3a00000, 0x0000000580100000)
  object space 1368064K, 1% used [0x0000000080200000,0x0000000081920f78,0x00000000d3a00000)
 Metaspace       used 49305K, capacity 50244K, committed 50560K, reserved 1093632K
  class space    used 6907K, capacity 7194K, committed 7296K, reserved 1048576K
}
Event: 13.245 GC heap before
{Heap before GC invocations=6 (full 2):
 PSYoungGen      total 1009152K, used 1008864K [0x0000000580100000, 0x00000005c5f80000, 0x0000000800000000)
  eden space 971264K, 100% used [0x0000000580100000,0x00000005bb580000,0x00000005bb580000)
  from space 37888K, 99% used [0x00000005bbe80000,0x00000005be338260,0x00000005be380000)
  to   space 87040K, 0% used [0x00000005c0a80000,0x00000005c0a80000,0x00000005c5f80000)
 ParOldGen       total 1368064K, used 23683K [0x0000000080200000, 0x00000000d3a00000, 0x0000000580100000)
  object space 1368064K, 1% used [0x0000000080200000,0x0000000081920f78,0x00000000d3a00000)
 Metaspace       used 54527K, capacity 55532K, committed 55808K, reserved 1097728K
  class space    used 7331K, capacity 7628K, committed 7680K, reserved 1048576K
Event: 13.301 GC heap after
Heap after GC invocations=6 (full 2):
 PSYoungGen      total 1058304K, used 87016K [0x0000000580100000, 0x00000005dad80000, 0x0000000800000000)
  eden space 971264K, 0% used [0x0000000580100000,0x0000000580100000,0x00000005bb580000)
  from space 87040K, 99% used [0x00000005c0a80000,0x00000005c5f7a140,0x00000005c5f80000)
  to   space 87040K, 0% used [0x00000005bb580000,0x00000005bb580000,0x00000005c0a80000)
 ParOldGen       total 1368064K, used 36288K [0x0000000080200000, 0x00000000d3a00000, 0x0000000580100000)
  object space 1368064K, 2% used [0x0000000080200000,0x00000000825700c8,0x00000000d3a00000)
 Metaspace       used 54527K, capacity 55532K, committed 55808K, reserved 1097728K
  class space    used 7331K, capacity 7628K, committed 7680K, reserved 1048576K
}

Deoptimization events (10 events):
Event: 15.801 Thread 0x0000000071952000 Uncommon trap: reason=class_check action=maybe_recompile pc=0x000000000406ae54 method=groovy.lang.MetaMethod.isStatic()Z @ 1
Event: 15.801 Thread 0x0000000071952000 Uncommon trap: reason=class_check action=maybe_recompile pc=0x000000000406ae54 method=groovy.lang.MetaMethod.isStatic()Z @ 1
Event: 15.801 Thread 0x0000000071952000 Uncommon trap: reason=class_check action=maybe_recompile pc=0x000000000406ae54 method=groovy.lang.MetaMethod.isStatic()Z @ 1
Event: 15.819 Thread 0x0000000071952000 Uncommon trap: reason=bimorphic action=maybe_recompile pc=0x00000000041a3d9c method=groovy.lang.MetaClassImpl.makeReplacementMetaProperty(Lgroovy/lang/MetaProperty;Ljava/lang/String;ZLgroovy/lang/MetaMethod;)Lgroovy/lang/MetaProperty; @ 14
Event: 15.854 Thread 0x0000000071952000 Uncommon trap: reason=class_check action=maybe_recompile pc=0x0000000003254448 method=java.util.zip.InflaterInputStream.fill()V @ 19
Event: 15.854 Thread 0x0000000071952000 Uncommon trap: reason=class_check action=maybe_recompile pc=0x0000000003254448 method=java.util.zip.InflaterInputStream.fill()V @ 19
Event: 15.854 Thread 0x0000000071952000 Uncommon trap: reason=class_check action=maybe_recompile pc=0x0000000003254448 method=java.util.zip.InflaterInputStream.fill()V @ 19
Event: 15.855 Thread 0x0000000071952000 Uncommon trap: reason=class_check action=maybe_recompile pc=0x0000000003254448 method=java.util.zip.InflaterInputStream.fill()V @ 19
Event: 16.369 Thread 0x0000000071952000 Uncommon trap: reason=unstable_if action=reinterpret pc=0x00000000053d8e18 method=org.codehaus.groovy.reflection.ParameterTypes.coerceArgumentsToClasses([Ljava/lang/Object;)[Ljava/lang/Object; @ 31
Event: 16.387 Thread 0x0000000071952000 Uncommon trap: reason=bimorphic action=maybe_recompile pc=0x000000000417641c method=org.codehaus.groovy.runtime.metaclass.MetaMethodIndex.addMethodToList(Ljava/lang/Object;Lgroovy/lang/MetaMethod;)Ljava/lang/Object; @ 96

Classes redefined (0 events):
No events

Internal exceptions (10 events):
Event: 16.388 Thread 0x0000000071952000 Exception <a 'java/lang/ClassNotFoundException': java/io/ByteArrayInputStreamBeanInfo> (0x00000005a20f4820) thrown at [C:\re\workspace\8-2-build-windows-amd64-cygwin\jdk8u171\10807\hotspot\src\share\vm\classfile\systemDictionary.cpp, line 210]
Event: 16.388 Thread 0x0000000071952000 Exception <a 'java/lang/ClassNotFoundException': java/io/InputStreamBeanInfo> (0x00000005a20f9830) thrown at [C:\re\workspace\8-2-build-windows-amd64-cygwin\jdk8u171\10807\hotspot\src\share\vm\classfile\systemDictionary.cpp, line 210]
Event: 16.388 Thread 0x0000000071952000 Exception <a 'java/lang/ClassNotFoundException': java/io/InputStreamCustomizer> (0x00000005a20fe900) thrown at [C:\re\workspace\8-2-build-windows-amd64-cygwin\jdk8u171\10807\hotspot\src\share\vm\classfile\systemDictionary.cpp, line 210]
Event: 16.388 Thread 0x0000000071952000 Exception <a 'java/lang/ClassNotFoundException': java/io/ByteArrayInputStreamCustomizer> (0x00000005a2108800) thrown at [C:\re\workspace\8-2-build-windows-amd64-cygwin\jdk8u171\10807\hotspot\src\share\vm\classfile\systemDictionary.cpp, line 210]
Event: 16.394 Thread 0x0000000071952000 Exception <a 'java/lang/ClassNotFoundException': shadow/org/apache/commons/io/IOUtilsBeanInfo> (0x00000005a2175300) thrown at [C:\re\workspace\8-2-build-windows-amd64-cygwin\jdk8u171\10807\hotspot\src\share\vm\classfile\systemDictionary.cpp, line 210]
Event: 16.395 Thread 0x0000000071952000 Exception <a 'java/lang/ClassNotFoundException': shadow/org/apache/commons/io/IOUtilsCustomizer> (0x00000005a217e2e8) thrown at [C:\re\workspace\8-2-build-windows-amd64-cygwin\jdk8u171\10807\hotspot\src\share\vm\classfile\systemDictionary.cpp, line 210]
Event: 16.400 Thread 0x0000000071952000 Exception <a 'java/lang/ClassNotFoundException': com/github/jengelman/gradle/plugins/shadow/relocation/RelocateClassContextBeanInfo> (0x00000005a2225418) thrown at [C:\re\workspace\8-2-build-windows-amd64-cygwin\jdk8u171\10807\hotspot\src\share\vm\classfi
Event: 16.401 Thread 0x0000000071952000 Exception <a 'java/lang/ClassNotFoundException': com/github/jengelman/gradle/plugins/shadow/relocation/RelocateClassContextCustomizer> (0x00000005a22311b8) thrown at [C:\re\workspace\8-2-build-windows-amd64-cygwin\jdk8u171\10807\hotspot\src\share\vm\class
Event: 16.402 Thread 0x0000000071952000 Exception <a 'java/lang/ClassNotFoundException': com/github/jengelman/gradle/plugins/shadow/relocation/RelocateClassContext$RelocateClassContextBuilderBeanInfo> (0x00000005a227b808) thrown at [C:\re\workspace\8-2-build-windows-amd64-cygwin\jdk8u171\10807\
Event: 16.403 Thread 0x0000000071952000 Exception <a 'java/lang/ClassNotFoundException': com/github/jengelman/gradle/plugins/shadow/relocation/RelocateClassContext$RelocateClassContextBuilderCustomizer> (0x00000005a2289720) thrown at [C:\re\workspace\8-2-build-windows-amd64-cygwin\jdk8u171\1080

Events (10 events):
Event: 16.402 loading class com/github/jengelman/gradle/plugins/shadow/relocation/RelocateClassContext$RelocateClassContextBuilderBeanInfo
Event: 16.402 loading class com/github/jengelman/gradle/plugins/shadow/relocation/RelocateClassContext$RelocateClassContextBuilderBeanInfo done
Event: 16.402 loading class com/github/jengelman/gradle/plugins/shadow/relocation/RelocateClassContext$RelocateClassContextBuilderBeanInfo
Event: 16.402 loading class com/github/jengelman/gradle/plugins/shadow/relocation/RelocateClassContext$RelocateClassContextBuilderBeanInfo done
Event: 16.402 loading class com/github/jengelman/gradle/plugins/shadow/relocation/RelocateClassContext$RelocateClassContextBuilderCustomizer
Event: 16.402 loading class com/github/jengelman/gradle/plugins/shadow/relocation/RelocateClassContext$RelocateClassContextBuilderCustomizer done
Event: 16.403 loading class com/github/jengelman/gradle/plugins/shadow/relocation/RelocateClassContext$RelocateClassContextBuilderCustomizer
Event: 16.403 loading class com/github/jengelman/gradle/plugins/shadow/relocation/RelocateClassContext$RelocateClassContextBuilderCustomizer done
Event: 16.410 loading class shadow/org/objectweb/asm/signature/SignatureReader
Event: 16.410 loading class shadow/org/objectweb/asm/signature/SignatureReader done


Dynamic libraries:
0x00007ff6e44e0000 - 0x00007ff6e4517000 	C:\Program Files\Java\jdk1.8.0_171\bin\java.exe
0x00007ffafebd0000 - 0x00007ffafedc4000 	C:\WINDOWS\SYSTEM32\ntdll.dll
0x00007ffafdd50000 - 0x00007ffafde0d000 	C:\WINDOWS\System32\KERNEL32.DLL
0x00007ffafc690000 - 0x00007ffafc957000 	C:\WINDOWS\System32\KERNELBASE.dll
0x00007ffafdc20000 - 0x00007ffafdcca000 	C:\WINDOWS\System32\ADVAPI32.dll
0x00007ffafe240000 - 0x00007ffafe2de000 	C:\WINDOWS\System32\msvcrt.dll
0x00007ffafde10000 - 0x00007ffafdeab000 	C:\WINDOWS\System32\sechost.dll
0x00007ffafe0e0000 - 0x00007ffafe203000 	C:\WINDOWS\System32\RPCRT4.dll
0x00007ffafd320000 - 0x00007ffafd4c0000 	C:\WINDOWS\System32\USER32.dll
0x00007ffafc550000 - 0x00007ffafc572000 	C:\WINDOWS\System32\win32u.dll
0x00007ffafe2e0000 - 0x00007ffafe30a000 	C:\WINDOWS\System32\GDI32.dll
0x00007ffafc580000 - 0x00007ffafc68a000 	C:\WINDOWS\System32\gdi32full.dll
0x00007ffafc320000 - 0x00007ffafc3bd000 	C:\WINDOWS\System32\msvcp_win.dll
0x00007ffafc9e0000 - 0x00007ffafcae0000 	C:\WINDOWS\System32\ucrtbase.dll
0x00007ffaf2010000 - 0x00007ffaf22aa000 	C:\WINDOWS\WinSxS\amd64_microsoft.windows.common-controls_6595b64144ccf1df_6.0.19041.1_none_b555e41d4684ddec\COMCTL32.dll
0x00007ffafd280000 - 0x00007ffafd2b0000 	C:\WINDOWS\System32\IMM32.DLL
0x000000006ca10000 - 0x000000006cae2000 	C:\Program Files\Java\jdk1.8.0_171\jre\bin\msvcr100.dll
0x000000006c170000 - 0x000000006ca10000 	C:\Program Files\Java\jdk1.8.0_171\jre\bin\server\jvm.dll
0x00007ffafe210000 - 0x00007ffafe218000 	C:\WINDOWS\System32\PSAPI.DLL
0x00007ffaea8e0000 - 0x00007ffaea8e9000 	C:\WINDOWS\SYSTEM32\WSOCK32.dll
0x00007ffaf1780000 - 0x00007ffaf17a7000 	C:\WINDOWS\SYSTEM32\WINMM.dll
0x00007ffaf5780000 - 0x00007ffaf578a000 	C:\WINDOWS\SYSTEM32\VERSION.dll
0x00007ffafdcd0000 - 0x00007ffafdd3b000 	C:\WINDOWS\System32\WS2_32.dll
0x000000006c160000 - 0x000000006c16f000 	C:\Program Files\Java\jdk1.8.0_171\jre\bin\verify.dll
0x000000006c130000 - 0x000000006c159000 	C:\Program Files\Java\jdk1.8.0_171\jre\bin\java.dll
0x000000006c110000 - 0x000000006c126000 	C:\Program Files\Java\jdk1.8.0_171\jre\bin\zip.dll
0x00007ffafe310000 - 0x00007ffafea44000 	C:\WINDOWS\System32\SHELL32.dll
0x00007ffafa4b0000 - 0x00007ffafac3e000 	C:\WINDOWS\SYSTEM32\windows.storage.dll
0x00007ffafcc40000 - 0x00007ffafcf93000 	C:\WINDOWS\System32\combase.dll
0x00007ffafbda0000 - 0x00007ffafbdcb000 	C:\WINDOWS\SYSTEM32\Wldp.dll
0x00007ffafd9b0000 - 0x00007ffafda5e000 	C:\WINDOWS\System32\SHCORE.dll
0x00007ffafeb30000 - 0x00007ffafeb85000 	C:\WINDOWS\System32\shlwapi.dll
0x00007ffafc260000 - 0x00007ffafc27f000 	C:\WINDOWS\SYSTEM32\profapi.dll
0x000000006c0f0000 - 0x000000006c10a000 	C:\Program Files\Java\jdk1.8.0_171\jre\bin\net.dll
0x00007ffafbb20000 - 0x00007ffafbb8a000 	C:\WINDOWS\system32\mswsock.dll
0x000000006c0d0000 - 0x000000006c0e1000 	C:\Program Files\Java\jdk1.8.0_171\jre\bin\nio.dll
0x00007ffad43b0000 - 0x00007ffad43ce000 	C:\Users\mike\.gradle\native\25\windows-amd64\native-platform.dll
0x00007ffad4320000 - 0x00007ffad432a000 	C:\Users\mike\.gradle\native\jansi\1.14\windows64\jansi.dll
0x000000006d470000 - 0x000000006d47d000 	C:\Program Files\Java\jdk1.8.0_171\jre\bin\management.dll
0x00007ffafb7c0000 - 0x00007ffafb7fb000 	C:\WINDOWS\SYSTEM32\IPHLPAPI.DLL
0x00007ffafdd40000 - 0x00007ffafdd49000 	C:\WINDOWS\System32\NSI.dll
0x00007ffaf7db0000 - 0x00007ffaf7dc7000 	C:\WINDOWS\SYSTEM32\dhcpcsvc6.DLL
0x00007ffaf7100000 - 0x00007ffaf711d000 	C:\WINDOWS\SYSTEM32\dhcpcsvc.DLL
0x00007ffafb810000 - 0x00007ffafb8da000 	C:\WINDOWS\SYSTEM32\DNSAPI.dll
0x00007ffafbcf0000 - 0x00007ffafbd08000 	C:\WINDOWS\SYSTEM32\CRYPTSP.dll
0x00007ffafb440000 - 0x00007ffafb474000 	C:\WINDOWS\system32\rsaenh.dll
0x00007ffafc3c0000 - 0x00007ffafc3e7000 	C:\WINDOWS\System32\bcrypt.dll
0x00007ffafc220000 - 0x00007ffafc24e000 	C:\WINDOWS\SYSTEM32\USERENV.dll
0x00007ffafc960000 - 0x00007ffafc9df000 	C:\WINDOWS\System32\bcryptprimitives.dll
0x00007ffafbd10000 - 0x00007ffafbd1c000 	C:\WINDOWS\SYSTEM32\CRYPTBASE.dll
0x000000006d440000 - 0x000000006d464000 	C:\Program Files\Java\jdk1.8.0_171\jre\bin\sunec.dll
0x000000006d430000 - 0x000000006d43b000 	C:\Program Files\Java\jdk1.8.0_171\jre\bin\sunmscapi.dll
0x00007ffafc3f0000 - 0x00007ffafc54d000 	C:\WINDOWS\System32\CRYPT32.dll
0x00007ffaf5760000 - 0x00007ffaf576a000 	C:\Windows\System32\rasadhlp.dll
0x00007ffaf8ce0000 - 0x00007ffaf8d5f000 	C:\WINDOWS\System32\fwpuclnt.dll
0x00007ffae9830000 - 0x00007ffae9a14000 	C:\WINDOWS\SYSTEM32\dbghelp.dll

VM Arguments:
jvm_args: -Dorg.gradle.appname=gradlew 
java_command: org.gradle.wrapper.GradleWrapperMain build
java_class_path (initial): c:\Projects\SGCraft\\gradle\wrapper\gradle-wrapper.jar
Launcher Type: SUN_STANDARD

Environment Variables:
JAVA_HOME=C:\Program Files\Java\jdk1.8.0_171
CLASSPATH=c:\Projects\SGCraft\\gradle\wrapper\gradle-wrapper.jar
PATH=C:\Program Files (x86)\Common Files\Oracle\Java\javapath;C:\ProgramData\Oracle\Java\javapath;C:\Windows\System32;C:\Windows;C:\Windows\System32\wbem;C:\Windows\System32\WindowsPowerShell\v1.0\;C:\Program Files (x86)\NVIDIA Corporation\PhysX\Common;C:\Program Files (x86)\Shoreline Communications\ShoreWare Client\;C:\Program Files (x86)\Shoreline Communications\ShoreWare Client\win64;C:\Users\mike\.dnx\bin;C:\Program Files\Microsoft DNX\Dnvm\;C:\Program Files\Git\cmd;C:\Program Files\TortoiseSVN\bin;C:\Windows\System32\OpenSSH\;C:\Program Files (x86)\GnuPG\bin;C:\Program Files\PuTTY\;C:\WINDOWS\system32;C:\WINDOWS;C:\WINDOWS\System32\Wbem;C:\WINDOWS\System32\WindowsPowerShell\v1.0\;C:\WINDOWS\System32\OpenSSH\;C:\Program Files\TortoiseGit\bin;C:\WINDOWS\system32;C:\WINDOWS;C:\WINDOWS\System32\Wbem;C:\WINDOWS\System32\WindowsPowerShell\v1.0\;C:\WINDOWS\System32\OpenSSH\;C:\Users\mike\AppData\Local\Microsoft\WindowsApps;c:\maven\bin;
USERNAME=Mike
OS=Windows_NT
PROCESSOR_IDENTIFIER=AMD64 Family 23 Model 8 Stepping 2, AuthenticAMD



---------------  S Y S T E M  ---------------

OS: Windows 10.0 , 64 bit Build 19041 (10.0.19041.292)

CPU:total 64 (initial active 64) (64 cores per cpu, 1 threads per core) family 23 model 8 stepping 2, cmov, cx8, fxsr, mmx, sse, sse2, sse3, ssse3, sse4.1, sse4.2, popcnt, avx, avx2, aes, clmul, mmxext, 3dnowpref, lzcnt, sse4a, tsc, tscinvbit, tscinv, bmi1

Memory: 4k page, physical 134087584k(102700368k free), swap 134087584k(87070660k free)

vm_info: Java HotSpot(TM) 64-Bit Server VM (25.171-b11) for windows-amd64 JRE (1.8.0_171-b11), built on Mar 28 2018 16:06:12 by "java_re" with MS VC++ 10.0 (VS2010)

time: Tue Aug 04 21:33:32 2020
elapsed time: 16 seconds (0d 0h 0m 16s)

